<?xml version="1.0" encoding="UTF-8"?>
<!-- Generated by org.testng.reporters.JUnitReportReporter -->
<testsuite skipped="0" hostname="PSG-012-Anupama" name="com.ecommerce.qa.testcases.MyAccountPageTestCases" tests="6" failures="0" timestamp="2020-07-28T18:35:56 IST" time="137.299" errors="0">
  <testcase name="startExecution1" time="22.870" classname="com.ecommerce.qa.testcases.MyAccountPageTestCases"/>
  <system-out/>
  <testcase name="verifyLoggedInUserTest" time="20.165" classname="com.ecommerce.qa.testcases.MyAccountPageTestCases"/>
  <system-out/>
  <testcase name="validateCreatewWishlistTest" time="21.763" classname="com.ecommerce.qa.testcases.MyAccountPageTestCases"/>
  <system-out/>
  <testcase name="validateCreatewWishlistTest" time="23.646" classname="com.ecommerce.qa.testcases.MyAccountPageTestCases"/>
  <system-out/>
  <testcase name="validateCreatewWishlistTest" time="24.763" classname="com.ecommerce.qa.testcases.MyAccountPageTestCases"/>
  <system-out/>
  <testcase name="validateCreatewWishlistTest" time="24.092" classname="com.ecommerce.qa.testcases.MyAccountPageTestCases"/>
  <system-out/>
</testsuite> <!-- com.ecommerce.qa.testcases.MyAccountPageTestCases -->
