<?xml version="1.0" encoding="UTF-8"?>
<!-- Generated by org.testng.reporters.JUnitReportReporter -->
<testsuite skipped="0" hostname="PSG-012-Anupama" name="com.ecommerce.qa.testcases.LoginPageTestCases" tests="3" failures="0" timestamp="2020-07-28T18:35:56 IST" time="68.468" errors="0">
  <testcase name="startExecution" time="27.302" classname="com.ecommerce.qa.testcases.LoginPageTestCases"/>
  <system-out/>
  <testcase name="verifyLogoOfApplicationTest" time="17.704" classname="com.ecommerce.qa.testcases.LoginPageTestCases"/>
  <system-out/>
  <testcase name="loginTest" time="23.462" classname="com.ecommerce.qa.testcases.LoginPageTestCases"/>
  <system-out/>
</testsuite> <!-- com.ecommerce.qa.testcases.LoginPageTestCases -->
